data/mnist/train-images-idx3-ubyte.gz already exists
data/mnist/train-labels-idx1-ubyte.gz already exists
data/mnist/t10k-images-idx3-ubyte.gz already exists
data/mnist/t10k-labels-idx1-ubyte.gz already exists
Loss at step 19: 14974.87109375
Loss at step 39: 5349.5576171875
Loss at step 59: 4354.56787109375
Loss at step 79: 2477.9130859375
Loss at step 99: 2102.790771484375
Loss at step 119: 1339.198486328125
Loss at step 139: 1378.184814453125
Loss at step 159: 2010.8974609375
Loss at step 179: 1464.484130859375
Loss at step 199: 1153.351318359375
Loss at step 219: 1098.2113037109375
Loss at step 239: 1236.2020263671875
Loss at step 259: 1071.645751953125
Loss at step 279: 1236.51953125
Loss at step 299: 1093.47802734375
Loss at step 319: 764.689697265625
Loss at step 339: 934.6375732421875
Loss at step 359: 522.2945556640625
Loss at step 379: 625.0545043945312
Loss at step 399: 235.6748046875
Loss at step 419: 906.5721435546875
Average loss at epoch 0: 2908.9938382525775
Took: 98.23984289169312 seconds
Accuracy at epoch 0: 0.9169 
Took: 4.371491432189941 seconds
Loss at step 439: 383.0071716308594
Loss at step 459: 336.63775634765625
Loss at step 479: 640.6136474609375
Loss at step 499: 649.767578125
Loss at step 519: 680.9747314453125
Loss at step 539: 399.40643310546875
Loss at step 559: 851.6835327148438
Loss at step 579: 605.992431640625
Loss at step 599: 246.12615966796875
Loss at step 619: 190.8997802734375
Loss at step 639: 568.6431274414062
Loss at step 659: 328.2821044921875
Loss at step 679: 388.29339599609375
Loss at step 699: 526.1865234375
Loss at step 719: 307.9655456542969
Loss at step 739: 683.9705200195312
Loss at step 759: 139.87586975097656
Loss at step 779: 74.28826904296875
Loss at step 799: 349.60736083984375
Loss at step 819: 327.90338134765625
Loss at step 839: 188.2075653076172
Loss at step 859: 321.3376770019531
Average loss at epoch 1: 394.45683501931126
Took: 85.46695685386658 seconds
Accuracy at epoch 1: 0.9438 
Took: 4.2535717487335205 seconds
Loss at step 879: 424.3409118652344
Loss at step 899: 347.96844482421875
Loss at step 919: 72.71114349365234
Loss at step 939: 233.07907104492188
Loss at step 959: 364.33526611328125
Loss at step 979: 243.7742462158203
Loss at step 999: 213.1070556640625
Loss at step 1019: 288.5904846191406
Loss at step 1039: 188.91583251953125
Loss at step 1059: 88.11671447753906
Loss at step 1079: 444.18865966796875
Loss at step 1099: 170.86935424804688
Loss at step 1119: 91.1207275390625
Loss at step 1139: 44.96453094482422
Loss at step 1159: 46.397621154785156
Loss at step 1179: 279.78106689453125
Loss at step 1199: 101.06492614746094
Loss at step 1219: 234.56039428710938
Loss at step 1239: 253.30828857421875
Loss at step 1259: 111.3275146484375
Loss at step 1279: 144.45021057128906
Average loss at epoch 2: 214.09912026871083
Took: 85.35990738868713 seconds
Accuracy at epoch 2: 0.9496 
Took: 4.2879650592803955 seconds
Loss at step 1299: 69.54364013671875
Loss at step 1319: 82.83488464355469
Loss at step 1339: 168.27993774414062
Loss at step 1359: 324.90728759765625
Loss at step 1379: 129.46847534179688
Loss at step 1399: 347.27056884765625
Loss at step 1419: 207.15243530273438
Loss at step 1439: 117.24689483642578
Loss at step 1459: 116.83671569824219
Loss at step 1479: 51.28785705566406
Loss at step 1499: 76.30534362792969
Loss at step 1519: 227.41439819335938
Loss at step 1539: 139.832275390625
Loss at step 1559: 308.77020263671875
Loss at step 1579: 9.674678802490234
Loss at step 1599: 82.86106872558594
Loss at step 1619: 150.15682983398438
Loss at step 1639: 46.34629821777344
Loss at step 1659: 96.16891479492188
Loss at step 1679: 81.07752990722656
Loss at step 1699: 216.9681396484375
Loss at step 1719: 23.49164390563965
Average loss at epoch 3: 137.26995771097583
Took: 85.8909604549408 seconds
Accuracy at epoch 3: 0.9595 
Took: 4.278045177459717 seconds
Loss at step 1739: 112.77284240722656
Loss at step 1759: 77.76199340820312
Loss at step 1779: 99.7566146850586
Loss at step 1799: 88.60752868652344
Loss at step 1819: 39.689918518066406
Loss at step 1839: 94.96676635742188
Loss at step 1859: 63.3187141418457
Loss at step 1879: 0.0
Loss at step 1899: 76.84880828857422
Loss at step 1919: 53.384647369384766
Loss at step 1939: 84.77017211914062
Loss at step 1959: 65.18211364746094
Loss at step 1979: 43.115943908691406
Loss at step 1999: 125.51893615722656
Loss at step 2019: 198.65997314453125
Loss at step 2039: 36.56068420410156
Loss at step 2059: 155.17820739746094
Loss at step 2079: 259.612060546875
Loss at step 2099: 96.83334350585938
Loss at step 2119: 162.66505432128906
Loss at step 2139: 45.26932144165039
Average loss at epoch 4: 95.64714015152651
Took: 85.34766888618469 seconds
Accuracy at epoch 4: 0.9628 
Took: 4.252582311630249 seconds
Loss at step 2159: 41.29787826538086
Loss at step 2179: 18.622886657714844
Loss at step 2199: 70.25125122070312
Loss at step 2219: 54.920135498046875
Loss at step 2239: 33.41443634033203
Loss at step 2259: 157.31710815429688
Loss at step 2279: 61.0189094543457
Loss at step 2299: 96.068359375
Loss at step 2319: 50.828521728515625
Loss at step 2339: 89.7120361328125
Loss at step 2359: 111.66416931152344
Loss at step 2379: 85.83573913574219
Loss at step 2399: 47.285118103027344
Loss at step 2419: 148.43902587890625
Loss at step 2439: 19.797073364257812
Loss at step 2459: 58.26475524902344
Loss at step 2479: 9.76055908203125
Loss at step 2499: 93.11642456054688
Loss at step 2519: 53.96337127685547
Loss at step 2539: 101.85147094726562
Loss at step 2559: 23.51296615600586
Loss at step 2579: 82.74349212646484
Average loss at epoch 5: 66.70262815001783
Took: 85.44255805015564 seconds
Accuracy at epoch 5: 0.9649 
Took: 4.31904149055481 seconds
Loss at step 2599: 42.756927490234375
Loss at step 2619: 53.70036315917969
Loss at step 2639: 52.38147735595703
Loss at step 2659: 12.701351165771484
Loss at step 2679: 76.03861236572266
Loss at step 2699: 59.74199676513672
Loss at step 2719: 21.52490997314453
Loss at step 2739: 123.73979949951172
Loss at step 2759: 5.092231750488281
Loss at step 2779: 106.01849365234375
Loss at step 2799: 26.47386932373047
Loss at step 2819: 49.051109313964844
Loss at step 2839: 66.6126708984375
Loss at step 2859: 44.60940933227539
Loss at step 2879: 52.99885559082031
Loss at step 2899: 63.22950744628906
Loss at step 2919: 36.26420974731445
Loss at step 2939: 13.575286865234375
Loss at step 2959: 121.10073852539062
Loss at step 2979: 27.241451263427734
Loss at step 2999: 0.0
Average loss at epoch 6: 52.65744761206409
Took: 86.34058117866516 seconds
Accuracy at epoch 6: 0.9686 
Took: 4.296021461486816 seconds
Loss at step 3019: 65.12332916259766
Loss at step 3039: 52.299163818359375
Loss at step 3059: 26.322025299072266
Loss at step 3079: 45.20872497558594
Loss at step 3099: 55.70757293701172
Loss at step 3119: 0.0
Loss at step 3139: 55.22467803955078
Loss at step 3159: 0.0
Loss at step 3179: 4.273921966552734
Loss at step 3199: 15.133365631103516
Loss at step 3219: 64.026123046875
Loss at step 3239: 13.396903991699219
Loss at step 3259: 25.35822296142578
Loss at step 3279: 0.0
Loss at step 3299: 12.859405517578125
Loss at step 3319: 36.64246368408203
Loss at step 3339: 2.5483741760253906
Loss at step 3359: 20.706043243408203
Loss at step 3379: 41.04631042480469
Loss at step 3399: 60.42268371582031
Loss at step 3419: 120.31913757324219
Loss at step 3439: 38.84218215942383
Average loss at epoch 7: 42.00351612290671
Took: 87.62552404403687 seconds
Accuracy at epoch 7: 0.9673 
Took: 4.370702505111694 seconds
Loss at step 3459: 0.0
Loss at step 3479: 18.14776611328125
Loss at step 3499: 48.598628997802734
Loss at step 3519: 39.346351623535156
Loss at step 3539: 43.182220458984375
Loss at step 3559: 54.016056060791016
Loss at step 3579: 18.65021324157715
Loss at step 3599: 47.22442626953125
Loss at step 3619: 16.93252182006836
Loss at step 3639: 42.968894958496094
Loss at step 3659: 20.940242767333984
Loss at step 3679: 4.266429901123047
Loss at step 3699: 54.77294158935547
Loss at step 3719: 37.757301330566406
Loss at step 3739: 62.684104919433594
Loss at step 3759: 0.0
Loss at step 3779: 19.99591827392578
Loss at step 3799: 15.233715057373047
Loss at step 3819: 22.77280044555664
Loss at step 3839: 18.992172241210938
Loss at step 3859: 20.192787170410156
Average loss at epoch 8: 32.16621911255155
Took: 86.57431721687317 seconds
Accuracy at epoch 8: 0.9715 
Took: 4.339893579483032 seconds
Loss at step 3879: 34.45879364013672
Loss at step 3899: 57.059085845947266
Loss at step 3919: 37.67751693725586
Loss at step 3939: 55.554718017578125
Loss at step 3959: 0.0
Loss at step 3979: 95.3651123046875
Loss at step 3999: 2.161937713623047
Loss at step 4019: 16.185585021972656
Loss at step 4039: 0.0
Loss at step 4059: 0.0
Loss at step 4079: 20.320003509521484
Loss at step 4099: 0.0
Loss at step 4119: 56.998661041259766
Loss at step 4139: 47.878334045410156
Loss at step 4159: 18.681964874267578
Loss at step 4179: 0.0
Loss at step 4199: 0.0
Loss at step 4219: 38.39716339111328
Loss at step 4239: 41.734153747558594
Loss at step 4259: 58.8564453125
Loss at step 4279: 7.824867248535156
Loss at step 4299: 36.45063781738281
Average loss at epoch 9: 25.784396846022805
Took: 87.47221565246582 seconds
Accuracy at epoch 9: 0.9709 
Took: 4.334262132644653 seconds
Loss at step 4319: 4.2753753662109375
Loss at step 4339: 0.0
Loss at step 4359: 107.02159118652344
Loss at step 4379: 41.08787536621094
Loss at step 4399: 50.83774185180664
Loss at step 4419: 2.73284912109375
Loss at step 4439: 13.046781539916992
Loss at step 4459: 0.0
Loss at step 4479: 1.0229110717773438
Loss at step 4499: 0.0
Loss at step 4519: 114.72930908203125
Loss at step 4539: 20.37787628173828
Loss at step 4559: 0.6673049926757812
Loss at step 4579: 0.0
Loss at step 4599: 0.0
Loss at step 4619: 0.0
Loss at step 4639: 104.30232238769531
Loss at step 4659: 0.0
Loss at step 4679: 8.62009048461914
Loss at step 4699: 0.0
Loss at step 4719: 0.0
Average loss at epoch 10: 21.527829715172047
Took: 86.84093141555786 seconds
Accuracy at epoch 10: 0.9743 
Took: 4.331987380981445 seconds
Loss at step 4739: 20.864425659179688
Loss at step 4759: 47.46091079711914
Loss at step 4779: 20.651416778564453
Loss at step 4799: 17.216495513916016
Loss at step 4819: 0.0
Loss at step 4839: 4.54052734375
Loss at step 4859: 13.821311950683594
Loss at step 4879: 11.323638916015625
Loss at step 4899: 25.234214782714844
Loss at step 4919: 0.0
Loss at step 4939: 13.606401443481445
Loss at step 4959: 41.78205871582031
Loss at step 4979: 0.0
Loss at step 4999: 104.00553894042969
Loss at step 5019: 0.0
Loss at step 5039: 39.692832946777344
Loss at step 5059: 6.043630599975586
Loss at step 5079: 11.446701049804688
Loss at step 5099: 5.775974273681641
Loss at step 5119: 17.425304412841797
Loss at step 5139: 0.0
Loss at step 5159: 0.0
Average loss at epoch 11: 17.39727014359097
Took: 87.6951630115509 seconds
Accuracy at epoch 11: 0.9739 
Took: 4.714247941970825 seconds
Loss at step 5179: 5.303703308105469
Loss at step 5199: 0.0
Loss at step 5219: 0.0
Loss at step 5239: 11.939128875732422
Loss at step 5259: 1.6887016296386719
Loss at step 5279: 6.7381591796875
Loss at step 5299: 8.233291625976562
Loss at step 5319: 0.0
Loss at step 5339: 0.4336753785610199
Loss at step 5359: 5.9357147216796875
Loss at step 5379: 18.7344970703125
Loss at step 5399: 33.58460998535156
Loss at step 5419: 0.0
Loss at step 5439: 17.827573776245117
Loss at step 5459: 9.474395751953125
Loss at step 5479: 4.976737976074219
Loss at step 5499: 44.2401123046875
Loss at step 5519: 0.0
Loss at step 5539: 53.657196044921875
Loss at step 5559: 0.0
Loss at step 5579: 26.962509155273438
Average loss at epoch 12: 14.876348999762707
Took: 87.6994469165802 seconds
Accuracy at epoch 12: 0.9748 
Took: 4.373355388641357 seconds
Loss at step 5599: 10.753837585449219
Loss at step 5619: 20.2109432220459
Loss at step 5639: 2.652027130126953
Loss at step 5659: 0.0
Loss at step 5679: 9.137378692626953
Loss at step 5699: 8.630538940429688
Loss at step 5719: 13.452552795410156
Loss at step 5739: 7.484703063964844
Loss at step 5759: 0.0
Loss at step 5779: 4.773075103759766
Loss at step 5799: 27.08409881591797
Loss at step 5819: 18.676273345947266
Loss at step 5839: 0.0
Loss at step 5859: 0.0
Loss at step 5879: 41.064735412597656
Loss at step 5899: 23.288341522216797
Loss at step 5919: 2.7772369384765625
Loss at step 5939: 9.115615844726562
Loss at step 5959: 21.52596664428711
Loss at step 5979: 19.200733184814453
Loss at step 5999: 2.3438186645507812
Loss at step 6019: 12.217584609985352
Average loss at epoch 13: 12.974658680083447
Took: 87.40787744522095 seconds
Accuracy at epoch 13: 0.9735 
Took: 4.3730292320251465 seconds
Loss at step 6039: 0.0
Loss at step 6059: 17.30152130126953
Loss at step 6079: 22.389999389648438
Loss at step 6099: 0.0
Loss at step 6119: 8.203155517578125
Loss at step 6139: 9.598175048828125
Loss at step 6159: 0.0
Loss at step 6179: 3.958751678466797
Loss at step 6199: 13.10577392578125
Loss at step 6219: 12.103843688964844
Loss at step 6239: 23.3625431060791
Loss at step 6259: 0.0
Loss at step 6279: 0.0
Loss at step 6299: 30.944734573364258
Loss at step 6319: 0.0
Loss at step 6339: 15.04496955871582
Loss at step 6359: 37.98609924316406
Loss at step 6379: 0.0
Loss at step 6399: 0.0
Loss at step 6419: 0.0
Loss at step 6439: 0.0
Average loss at epoch 14: 12.366813902847122
Took: 87.07173299789429 seconds
Accuracy at epoch 14: 0.9777 
Took: 4.329785346984863 seconds
Loss at step 6459: 45.831233978271484
Loss at step 6479: 29.20185089111328
Loss at step 6499: 0.0
Loss at step 6519: 0.0
Loss at step 6539: 0.0
Loss at step 6559: 15.119758605957031
Loss at step 6579: 11.470199584960938
Loss at step 6599: 3.6238250732421875
Loss at step 6619: 1.9705352783203125
Loss at step 6639: 0.0
Loss at step 6659: 2.752655029296875
Loss at step 6679: 0.0
Loss at step 6699: 5.086631774902344
Loss at step 6719: 0.2571296691894531
Loss at step 6739: 9.830291748046875
Loss at step 6759: 0.0
Loss at step 6779: 1.3698043823242188
Loss at step 6799: 0.0
Loss at step 6819: 0.0
Loss at step 6839: 20.18464469909668
Loss at step 6859: 5.78399658203125
Loss at step 6879: 8.370894432067871
Average loss at epoch 15: 10.078841191498944
Took: 87.41182136535645 seconds
Accuracy at epoch 15: 0.978 
Took: 4.349624156951904 seconds
Loss at step 6899: 19.507965087890625
Loss at step 6919: 0.0
Loss at step 6939: 10.345925331115723
Loss at step 6959: 24.674129486083984
Loss at step 6979: 0.0
Loss at step 6999: 0.0
Loss at step 7019: 0.0
Loss at step 7039: 0.0
Loss at step 7059: 48.62092590332031
Loss at step 7079: 41.5493278503418
Loss at step 7099: 3.431598663330078
Loss at step 7119: 41.321842193603516
Loss at step 7139: 17.700176239013672
Loss at step 7159: 0.0
Loss at step 7179: 28.40044403076172
Loss at step 7199: 14.902141571044922
Loss at step 7219: 0.5037841796875
Loss at step 7239: 13.741767883300781
Loss at step 7259: 23.289073944091797
Loss at step 7279: 41.1254997253418
Loss at step 7299: 19.766464233398438
Average loss at epoch 16: 11.153627492365278
Took: 87.41397404670715 seconds
Accuracy at epoch 16: 0.9794 
Took: 4.371439695358276 seconds
Loss at step 7319: 0.0
Loss at step 7339: 27.788089752197266
Loss at step 7359: 0.0
Loss at step 7379: 1.0727462768554688
Loss at step 7399: 10.422502517700195
Loss at step 7419: 0.0
Loss at step 7439: 0.0
Loss at step 7459: 2.4473724365234375
Loss at step 7479: 11.886028289794922
Loss at step 7499: 0.0
Loss at step 7519: 51.294158935546875
Loss at step 7539: 17.16993522644043
Loss at step 7559: 3.2185001373291016
Loss at step 7579: 6.724952697753906
Loss at step 7599: 0.0
Loss at step 7619: 19.79576873779297
Loss at step 7639: 6.653606414794922
Loss at step 7659: 0.0
Loss at step 7679: 0.29035186767578125
Loss at step 7699: 5.70831298828125
Loss at step 7719: 0.0
Loss at step 7739: 0.0
Average loss at epoch 17: 9.079381777078295
Took: 87.88436222076416 seconds
Accuracy at epoch 17: 0.9786 
Took: 4.35972785949707 seconds
Loss at step 7759: 0.0
Loss at step 7779: 9.631690979003906
Loss at step 7799: 0.0
Loss at step 7819: 20.041976928710938
Loss at step 7839: 2.7332229614257812
Loss at step 7859: 2.9589462280273438
Loss at step 7879: 0.0
Loss at step 7899: 27.488582611083984
Loss at step 7919: 0.0
Loss at step 7939: 14.708343505859375
Loss at step 7959: 0.0
Loss at step 7979: 0.0
Loss at step 7999: 0.0
Loss at step 8019: 3.2107601165771484
Loss at step 8039: 24.392051696777344
Loss at step 8059: 21.087881088256836
Loss at step 8079: 16.29370880126953
Loss at step 8099: 4.607677459716797
Loss at step 8119: 37.554176330566406
Loss at step 8139: 0.0
Loss at step 8159: 0.0
Average loss at epoch 18: 8.169427433679271
Took: 87.6548752784729 seconds
Accuracy at epoch 18: 0.9763 
Took: 4.333024978637695 seconds
Loss at step 8179: 0.0
Loss at step 8199: 8.806867599487305
Loss at step 8219: 53.686153411865234
Loss at step 8239: 9.69393539428711
Loss at step 8259: 16.82772445678711
Loss at step 8279: 6.584665298461914
Loss at step 8299: 9.834083557128906
Loss at step 8319: 0.0
Loss at step 8339: 22.167682647705078
Loss at step 8359: 2.3456039428710938
Loss at step 8379: 0.0
Loss at step 8399: 0.0
Loss at step 8419: 11.016376495361328
Loss at step 8439: 0.0
Loss at step 8459: 17.634037017822266
Loss at step 8479: 16.721725463867188
Loss at step 8499: 16.63800048828125
Loss at step 8519: 6.1349287033081055
Loss at step 8539: 1.4277153015136719
Loss at step 8559: 0.0
Loss at step 8579: 0.6446151733398438
Loss at step 8599: 24.911998748779297
Average loss at epoch 19: 8.033658631123991
Took: 88.19578552246094 seconds
Accuracy at epoch 19: 0.9797 
Took: 4.527028560638428 seconds
Loss at step 8619: 25.49091911315918
Loss at step 8639: 33.59523391723633
Loss at step 8659: 0.0
Loss at step 8679: 0.0
Loss at step 8699: 0.0
Loss at step 8719: 0.0
Loss at step 8739: 0.0
Loss at step 8759: 14.634698867797852
Loss at step 8779: 16.911495208740234
Loss at step 8799: 0.0
Loss at step 8819: 0.0
Loss at step 8839: 0.0
Loss at step 8859: 0.0
Loss at step 8879: 27.373485565185547
Loss at step 8899: 11.51702880859375
Loss at step 8919: 1.6831588745117188
Loss at step 8939: 16.515121459960938
Loss at step 8959: 0.0
Loss at step 8979: 14.729000091552734
Loss at step 8999: 2.1627655029296875
Loss at step 9019: 19.997802734375
Average loss at epoch 20: 7.387320992538657
Took: 88.10387349128723 seconds
Accuracy at epoch 20: 0.9803 
Took: 4.345732688903809 seconds
Loss at step 9039: 0.4325408935546875
Loss at step 9059: 13.308467864990234
Loss at step 9079: 0.0
Loss at step 9099: 0.0
Loss at step 9119: 0.0
Loss at step 9139: 18.79820442199707
Loss at step 9159: 0.0
Loss at step 9179: 0.0
Loss at step 9199: 25.188968658447266
Loss at step 9219: 3.7280960083007812
Loss at step 9239: 0.11604690551757812
Loss at step 9259: 0.0
Loss at step 9279: 0.0
Loss at step 9299: 15.166019439697266
Loss at step 9319: 0.0
Loss at step 9339: 16.62710952758789
Loss at step 9359: 0.0
Loss at step 9379: 38.23323440551758
Loss at step 9399: 0.0
Loss at step 9419: 0.0
Loss at step 9439: 30.698043823242188
Loss at step 9459: 0.0
Average loss at epoch 21: 6.325779111819037
Took: 87.73233008384705 seconds
Accuracy at epoch 21: 0.9784 
Took: 4.387776136398315 seconds
Loss at step 9479: 0.0
Loss at step 9499: 29.049863815307617
Loss at step 9519: 0.0
Loss at step 9539: 0.0
Loss at step 9559: 0.005524687469005585
Loss at step 9579: 5.526851654052734
Loss at step 9599: 0.0
Loss at step 9619: 0.0
Loss at step 9639: 10.211296081542969
Loss at step 9659: 17.132431030273438
Loss at step 9679: 0.0
Loss at step 9699: 0.0
Loss at step 9719: 2.599761962890625
Loss at step 9739: 1.5951614379882812
Loss at step 9759: 0.0
Loss at step 9779: 0.0
Loss at step 9799: 31.284358978271484
Loss at step 9819: 0.0
Loss at step 9839: 0.0
Loss at step 9859: 0.09645465016365051
Loss at step 9879: 70.29725646972656
Average loss at epoch 22: 5.964218864555276
Took: 87.7306969165802 seconds
Accuracy at epoch 22: 0.9804 
Took: 4.562516212463379 seconds
Loss at step 9899: 5.382099151611328
Loss at step 9919: 0.0
Loss at step 9939: 19.679378509521484
Loss at step 9959: 0.0
Loss at step 9979: 11.126934051513672
Loss at step 9999: 2.452129364013672
Loss at step 10019: 0.0
Loss at step 10039: 0.0
Loss at step 10059: 12.603952407836914
Loss at step 10079: 0.6716423034667969
Loss at step 10099: 4.7082366943359375
Loss at step 10119: 0.0
Loss at step 10139: 31.462888717651367
Loss at step 10159: 0.0
Loss at step 10179: 17.719024658203125
Loss at step 10199: 0.0
Loss at step 10219: 3.5242862701416016
Loss at step 10239: 0.0
Loss at step 10259: 30.564239501953125
Loss at step 10279: 0.0
Loss at step 10299: 0.0
Loss at step 10319: 0.0
Average loss at epoch 23: 5.320341906453981
Took: 89.13346242904663 seconds
Accuracy at epoch 23: 0.981 
Took: 4.406017780303955 seconds
Loss at step 10339: 17.77398681640625
Loss at step 10359: 5.355831146240234
Loss at step 10379: 0.0
Loss at step 10399: 0.9449424743652344
Loss at step 10419: 10.751564025878906
Loss at step 10439: 0.0
Loss at step 10459: 0.0
Loss at step 10479: 0.0
Loss at step 10499: 27.81930160522461
Loss at step 10519: 0.0
Loss at step 10539: 0.0
Loss at step 10559: 0.0
Loss at step 10579: 0.0
Loss at step 10599: 0.0
Loss at step 10619: 0.0
Loss at step 10639: 27.13873291015625
Loss at step 10659: 6.3249359130859375
Loss at step 10679: 0.0
Loss at step 10699: 1.4032020568847656
Loss at step 10719: 0.0
Loss at step 10739: 5.5396270751953125
Average loss at epoch 24: 4.561883917274023
Took: 88.93771934509277 seconds
Accuracy at epoch 24: 0.9793 
Took: 4.3914101123809814 seconds
Loss at step 10759: 0.0
Loss at step 10779: 20.292930603027344
Loss at step 10799: 0.0
Loss at step 10819: 1.9002609252929688
Loss at step 10839: 24.380455017089844
Loss at step 10859: 54.75003433227539
Loss at step 10879: 0.9013786315917969
Loss at step 10899: 0.0
Loss at step 10919: 4.4367218017578125
Loss at step 10939: 15.712944030761719
Loss at step 10959: 0.0
Loss at step 10979: 12.9146728515625
Loss at step 10999: 0.0
Loss at step 11019: 0.6093940734863281
Loss at step 11039: 0.0
Loss at step 11059: 12.780967712402344
Loss at step 11079: 0.0
Loss at step 11099: 0.0
Loss at step 11119: 31.076393127441406
Loss at step 11139: 5.413063049316406
Loss at step 11159: 17.417076110839844
Loss at step 11179: 0.005316382274031639
Average loss at epoch 25: 5.769002503566011
Took: 88.64021301269531 seconds
Accuracy at epoch 25: 0.9795 
Took: 4.465435981750488 seconds
Loss at step 11199: 0.0
Loss at step 11219: 13.26559066772461
Loss at step 11239: 32.57109832763672
Loss at step 11259: 0.0
Loss at step 11279: 0.0
Loss at step 11299: 6.006156921386719
Loss at step 11319: 23.271461486816406
Loss at step 11339: 3.7417526245117188
Loss at step 11359: 0.0
Loss at step 11379: 0.0
Loss at step 11399: 0.0
Loss at step 11419: 0.0
Loss at step 11439: 0.0
Loss at step 11459: 0.0
Loss at step 11479: 0.0
Loss at step 11499: 0.0
Loss at step 11519: 3.6255760192871094
Loss at step 11539: 0.0
Loss at step 11559: 4.224754333496094
Loss at step 11579: 0.8697433471679688
Loss at step 11599: 1.8641548156738281
Average loss at epoch 26: 4.764965726359379
Took: 89.65922617912292 seconds
Accuracy at epoch 26: 0.979 
Took: 4.3582141399383545 seconds
Loss at step 11619: 0.0
Loss at step 11639: 0.0
Loss at step 11659: 5.447834014892578
Loss at step 11679: 0.0
Loss at step 11699: 0.0
Loss at step 11719: 7.134666442871094
Loss at step 11739: 0.0
Loss at step 11759: 1.1786422729492188
Loss at step 11779: 9.181564331054688
Loss at step 11799: 6.955907821655273
Loss at step 11819: 15.33456802368164
Loss at step 11839: 0.0
Loss at step 11859: 1.9979934692382812
Loss at step 11879: 0.0
Loss at step 11899: 0.0
Loss at step 11919: 10.987154006958008
Loss at step 11939: 0.0
Loss at step 11959: 0.0
Loss at step 11979: 50.4179801940918
Loss at step 11999: 3.6307296752929688
Loss at step 12019: 0.0
Loss at step 12039: 0.0
Average loss at epoch 27: 5.134280723552439
Took: 88.27443385124207 seconds
Accuracy at epoch 27: 0.9816 
Took: 4.431267023086548 seconds
Loss at step 12059: 0.5892181396484375
Loss at step 12079: 0.0
Loss at step 12099: 0.0
Loss at step 12119: 10.227275848388672
Loss at step 12139: 32.507225036621094
Loss at step 12159: 0.0
Loss at step 12179: 0.0
Loss at step 12199: 10.366798400878906
Loss at step 12219: 0.0
Loss at step 12239: 6.9178924560546875
Loss at step 12259: 0.0
Loss at step 12279: 0.0
Loss at step 12299: 23.150745391845703
Loss at step 12319: 0.0
Loss at step 12339: 9.958930969238281
Loss at step 12359: 10.002403259277344
Loss at step 12379: 0.0
Loss at step 12399: 0.0
Loss at step 12419: 0.0
Loss at step 12439: 10.147823333740234
Loss at step 12459: 0.0
Average loss at epoch 28: 4.107191105028306
Took: 90.78346300125122 seconds
Accuracy at epoch 28: 0.983 
Took: 4.460538625717163 seconds
Loss at step 12479: 0.13455963134765625
Loss at step 12499: 0.0
Loss at step 12519: 0.0
Loss at step 12539: 0.0
Loss at step 12559: 0.0
Loss at step 12579: 0.0
Loss at step 12599: 39.61097717285156
Loss at step 12619: 0.0
Loss at step 12639: 0.0
Loss at step 12659: 15.809885025024414
Loss at step 12679: 25.57339096069336
Loss at step 12699: 33.280269622802734
Loss at step 12719: 19.612682342529297
Loss at step 12739: 0.0
Loss at step 12759: 0.0
Loss at step 12779: 22.357887268066406
Loss at step 12799: 40.856544494628906
Loss at step 12819: 0.0
Loss at step 12839: 19.89798355102539
Loss at step 12859: 0.0
Loss at step 12879: 15.272285461425781
Loss at step 12899: 0.0
Average loss at epoch 29: 3.7036638655056797
Took: 88.948312997818 seconds
Accuracy at epoch 29: 0.9825 
Took: 4.404506206512451 seconds
